<?xml version="1.0" encoding="UTF-8"?>
<testng-results ignored="0" total="1" passed="1" failed="0" skipped="0">
  <reporter-output>
  </reporter-output>
  <suite started-at="2024-12-13T10:19:30 IST" name="Default suite" finished-at="2024-12-13T10:19:39 IST" duration-ms="8658">
    <groups>
    </groups>
    <test started-at="2024-12-13T10:19:30 IST" name="Default test" finished-at="2024-12-13T10:19:39 IST" duration-ms="8658">
      <class name="com.Acxhange.Browser_Launch">
        <test-method signature="ChromeBrowser()[pri:0, instance:com.Acxhange.Browser_Launch@5aebe890]" started-at="2024-12-13T10:19:30 IST" name="ChromeBrowser" finished-at="2024-12-13T10:19:39 IST" duration-ms="8604" status="PASS">
          <reporter-output>
          </reporter-output>
        </test-method> <!-- ChromeBrowser -->
      </class> <!-- com.Acxhange.Browser_Launch -->
    </test> <!-- Default test -->
  </suite> <!-- Default suite -->
</testng-results>
