<?xml version="1.0" encoding="UTF-8"?>
<testng-results ignored="0" total="1" passed="1" failed="0" skipped="0">
  <reporter-output>
  </reporter-output>
  <suite started-at="2024-12-10T15:36:45 IST" name="Default suite" finished-at="2024-12-10T15:36:45 IST" duration-ms="56">
    <groups>
    </groups>
    <test started-at="2024-12-10T15:36:45 IST" name="Default test" finished-at="2024-12-10T15:36:45 IST" duration-ms="56">
      <class name="com.Acxhange.sample_constructor">
        <test-method signature="testConstructorRunner()[pri:0, instance:com.Acxhange.sample_constructor@6a2f6f80]" started-at="2024-12-10T15:36:45 IST" name="testConstructorRunner" finished-at="2024-12-10T15:36:45 IST" duration-ms="8" status="PASS">
          <reporter-output>
          </reporter-output>
        </test-method> <!-- testConstructorRunner -->
      </class> <!-- com.Acxhange.sample_constructor -->
    </test> <!-- Default test -->
  </suite> <!-- Default suite -->
</testng-results>
